SF:lib/src/core/errors/currency_failure.dart
DA:6,1
LF:1
LH:1
end_of_record
SF:lib/src/injector.dart
DA:3,3
DA:5,0
LF:2
LH:1
end_of_record
SF:lib/src/modules/currency_converter/domain/entities/currency_entity.dart
DA:11,1
DA:20,1
DA:31,0
DA:39,0
DA:40,0
DA:41,0
DA:42,0
DA:43,0
DA:44,0
DA:45,0
DA:49,0
DA:51,0
LF:12
LH:2
end_of_record
SF:lib/src/modules/currency_converter/domain/states/currency_converter_states.dart
DA:7,0
DA:8,0
DA:14,1
DA:16,1
DA:17,2
DA:21,1
DA:22,1
LF:7
LH:5
end_of_record
SF:lib/src/modules/currency_converter/domain/stores/currency_converter_store.dart
DA:8,2
DA:11,1
DA:12,2
DA:13,1
DA:14,2
DA:15,1
DA:17,2
DA:18,1
DA:21,2
DA:22,1
LF:10
LH:10
end_of_record
SF:lib/main.dart
DA:3,0
DA:4,0
DA:8,2
DA:11,1
DA:13,1
DA:15,1
DA:31,1
DA:40,1
DA:53,1
DA:54,1
DA:60,1
DA:61,2
DA:67,2
DA:71,1
DA:79,1
DA:80,1
DA:84,3
DA:87,3
DA:89,1
DA:92,1
DA:107,1
DA:111,1
DA:112,2
DA:113,3
DA:118,1
DA:119,1
LF:26
LH:24
end_of_record
